2026-02-03 23:15:47,020 - __main__ - INFO - Starting data fetch process...
2026-02-03 23:15:47,020 - __main__ - WARNING - API key not configured. Please set FOOTBALL_API_KEY in .env file
2026-02-03 23:15:47,021 - __main__ - INFO - 
==================================================
2026-02-03 23:15:47,021 - __main__ - INFO - Processing competition: PL
2026-02-03 23:15:47,021 - __main__ - INFO - ==================================================
2026-02-03 23:15:47,022 - __main__ - INFO - Fetching matches for PL...
2026-02-03 23:15:48,941 - __main__ - INFO - Fetching standings for PL...
2026-02-03 23:15:54,319 - __main__ - INFO - Fetching top scorers for PL...
2026-02-03 23:16:00,249 - __main__ - INFO - 
==================================================
2026-02-03 23:16:00,250 - __main__ - INFO - Processing competition: CL
2026-02-03 23:16:00,250 - __main__ - INFO - ==================================================
2026-02-03 23:16:00,251 - __main__ - INFO - Fetching matches for CL...
2026-02-03 23:16:06,324 - __main__ - INFO - Fetching standings for CL...
2026-02-03 23:16:12,455 - __main__ - INFO - Fetching top scorers for CL...
2026-02-03 23:16:18,477 - __main__ - INFO - 
==================================================
2026-02-03 23:16:18,477 - __main__ - INFO - Data fetch completed
2026-02-03 23:16:18,477 - __main__ - INFO - ==================================================

2026-02-03 23:16:18,478 - __main__ - INFO - 
==================================================
2026-02-03 23:16:18,478 - __main__ - INFO - FETCH SUMMARY
2026-02-03 23:16:18,478 - __main__ - INFO - ==================================================
2026-02-03 23:16:18,479 - __main__ - INFO - PL: 0 matches fetched
2026-02-03 23:16:18,479 - __main__ - INFO - CL: 0 matches fetched
2026-02-03 23:16:18,479 - __main__ - INFO - ==================================================

2026-02-03 23:20:53,230 - __main__ - INFO - Starting data fetch process...
2026-02-03 23:20:53,253 - __main__ - INFO - 
==================================================
2026-02-03 23:20:53,253 - __main__ - INFO - Processing competition: PL
2026-02-03 23:20:53,253 - __main__ - INFO - ==================================================
2026-02-03 23:20:53,254 - __main__ - INFO - Fetching matches for PL...
2026-02-03 23:20:55,222 - __main__ - INFO - SUCCESS: competitions/PL/matches (latency: 1.97s)
2026-02-03 23:20:55,239 - __main__ - INFO - Snapshot saved: data\snapshots\matches_PL_20260203_232055.json
2026-02-03 23:20:55,242 - __main__ - INFO - Fetching standings for PL...
2026-02-03 23:21:00,699 - __main__ - INFO - SUCCESS: competitions/PL/standings (latency: 1.44s)
2026-02-03 23:21:00,704 - __main__ - INFO - Snapshot saved: data\snapshots\standings_PL_20260203_232100.json
2026-02-03 23:21:00,705 - __main__ - INFO - Fetching top scorers for PL...
2026-02-03 23:21:07,710 - __main__ - INFO - SUCCESS: competitions/PL/scorers (latency: 2.46s)
2026-02-03 23:21:07,714 - __main__ - INFO - Snapshot saved: data\snapshots\scorers_PL_20260203_232107.json
2026-02-03 23:21:07,715 - __main__ - INFO - 
==================================================
2026-02-03 23:21:07,715 - __main__ - INFO - Processing competition: CL
2026-02-03 23:21:07,715 - __main__ - INFO - ==================================================
2026-02-03 23:21:07,715 - __main__ - INFO - Fetching matches for CL...
2026-02-03 23:21:12,690 - __main__ - INFO - SUCCESS: competitions/CL/matches (latency: 1.43s)
2026-02-03 23:21:12,695 - __main__ - INFO - Snapshot saved: data\snapshots\matches_CL_20260203_232112.json
2026-02-03 23:21:12,695 - __main__ - INFO - Fetching standings for CL...
2026-02-03 23:21:18,696 - __main__ - INFO - SUCCESS: competitions/CL/standings (latency: 1.44s)
2026-02-03 23:21:18,700 - __main__ - INFO - Snapshot saved: data\snapshots\standings_CL_20260203_232118.json
2026-02-03 23:21:18,701 - __main__ - INFO - Fetching top scorers for CL...
2026-02-03 23:21:25,728 - __main__ - INFO - SUCCESS: competitions/CL/scorers (latency: 2.47s)
2026-02-03 23:21:25,733 - __main__ - INFO - Snapshot saved: data\snapshots\scorers_CL_20260203_232125.json
2026-02-03 23:21:25,733 - __main__ - INFO - 
==================================================
2026-02-03 23:21:25,733 - __main__ - INFO - Data fetch completed
2026-02-03 23:21:25,734 - __main__ - INFO - ==================================================

2026-02-03 23:21:25,734 - __main__ - INFO - 
==================================================
2026-02-03 23:21:25,734 - __main__ - INFO - FETCH SUMMARY
2026-02-03 23:21:25,735 - __main__ - INFO - ==================================================
2026-02-03 23:21:25,735 - __main__ - INFO - PL: 10 matches fetched
2026-02-03 23:21:25,735 - __main__ - INFO - CL: 18 matches fetched
2026-02-03 23:21:25,735 - __main__ - INFO - ==================================================

2026-02-03 23:22:16,519 - __main__ - INFO - Starting data fetch process...
2026-02-03 23:22:16,519 - __main__ - INFO - 
==================================================
2026-02-03 23:22:16,520 - __main__ - INFO - Processing competition: PL
2026-02-03 23:22:16,520 - __main__ - INFO - ==================================================
2026-02-03 23:22:16,520 - __main__ - INFO - Fetching matches for PL...
2026-02-03 23:22:18,272 - __main__ - INFO - SUCCESS: competitions/PL/matches (latency: 1.75s)
2026-02-03 23:22:18,279 - __main__ - INFO - Snapshot saved: data\snapshots\matches_PL_20260203_232218.json
2026-02-03 23:22:18,280 - __main__ - INFO - Fetching standings for PL...
2026-02-03 23:22:23,989 - __main__ - INFO - SUCCESS: competitions/PL/standings (latency: 1.47s)
2026-02-03 23:22:23,993 - __main__ - INFO - Snapshot saved: data\snapshots\standings_PL_20260203_232223.json
2026-02-03 23:22:23,994 - __main__ - INFO - Fetching top scorers for PL...
2026-02-03 23:22:30,586 - __main__ - INFO - SUCCESS: competitions/PL/scorers (latency: 2.06s)
2026-02-03 23:22:30,592 - __main__ - INFO - Snapshot saved: data\snapshots\scorers_PL_20260203_232230.json
2026-02-03 23:22:30,592 - __main__ - INFO - 
==================================================
2026-02-03 23:22:30,592 - __main__ - INFO - Processing competition: CL
2026-02-03 23:22:30,593 - __main__ - INFO - ==================================================
2026-02-03 23:22:30,593 - __main__ - INFO - Fetching matches for CL...
2026-02-03 23:22:35,909 - __main__ - INFO - SUCCESS: competitions/CL/matches (latency: 1.39s)
2026-02-03 23:22:35,915 - __main__ - INFO - Snapshot saved: data\snapshots\matches_CL_20260203_232235.json
2026-02-03 23:22:35,916 - __main__ - INFO - Fetching standings for CL...
2026-02-03 23:22:41,996 - __main__ - INFO - SUCCESS: competitions/CL/standings (latency: 1.47s)
2026-02-03 23:22:42,002 - __main__ - INFO - Snapshot saved: data\snapshots\standings_CL_20260203_232241.json
2026-02-03 23:22:42,002 - __main__ - INFO - Fetching top scorers for CL...
2026-02-03 23:22:49,142 - __main__ - INFO - SUCCESS: competitions/CL/scorers (latency: 2.62s)
2026-02-03 23:22:49,147 - __main__ - INFO - Snapshot saved: data\snapshots\scorers_CL_20260203_232249.json
2026-02-03 23:22:49,148 - __main__ - INFO - 
==================================================
2026-02-03 23:22:49,148 - __main__ - INFO - Data fetch completed
2026-02-03 23:22:49,149 - __main__ - INFO - ==================================================

2026-02-03 23:22:49,149 - __main__ - INFO - 
==================================================
2026-02-03 23:22:49,149 - __main__ - INFO - FETCH SUMMARY
2026-02-03 23:22:49,150 - __main__ - INFO - ==================================================
2026-02-03 23:22:49,150 - __main__ - INFO - PL: 10 matches fetched
2026-02-03 23:22:49,150 - __main__ - INFO - CL: 18 matches fetched
2026-02-03 23:22:49,151 - __main__ - INFO - ==================================================

